<?xml version="1.0" encoding="UTF-8"?>
<!-- Generated by org.testng.reporters.JUnitReportReporter -->
<testsuite hostname="LAPTOP-LH52QS4R" failures="0" tests="1" name="beltExamTwo.Legalzoom" time="219.330" errors="0" timestamp="2022-08-12T10:56:39 AST" skipped="0">
  <testcase classname="beltExamTwo.Legalzoom" name="test1" time="219.330"/>
  <system-out/>
</testsuite> <!-- beltExamTwo.Legalzoom -->
