<?xml version="1.0" encoding="UTF-8"?>
<!-- Generated by org.testng.reporters.JUnitReportReporter -->
<testsuite hostname="LAPTOP-LH52QS4R" failures="0" tests="1" name="beltExamTwo.BeltExamTwo" time="3.860" errors="0" timestamp="2022-08-11T14:11:52 AST" skipped="0">
  <testcase classname="beltExamTwo.BeltExamTwo" name="chromepage" time="3.860"/>
  <system-out/>
</testsuite> <!-- beltExamTwo.BeltExamTwo -->
